<?xml version="1.0" encoding="UTF-8"?>
<coverage generated="1770986853238" clover="3.2.0">
  <project timestamp="1770986853238" name="All files">
    <metrics statements="62" coveredstatements="62" conditionals="46" coveredconditionals="45" methods="18" coveredmethods="18" elements="126" coveredelements="125" complexity="0" loc="62" ncloc="62" packages="1" files="1" classes="1"/>
    <file name="ScoreCalculator.ts" path="/Users/kuriyamakoya/projects/mahjong-record_app/utils/ScoreCalculator.ts">
      <metrics statements="62" coveredstatements="62" conditionals="46" coveredconditionals="45" methods="18" coveredmethods="18"/>
      <line num="20" count="2" type="stmt"/>
      <line num="36" count="40" type="stmt"/>
      <line num="37" count="11" type="cond" truecount="2" falsecount="0"/>
      <line num="38" count="4" type="stmt"/>
      <line num="42" count="20" type="stmt"/>
      <line num="45" count="9" type="stmt"/>
      <line num="46" count="9" type="stmt"/>
      <line num="47" count="29" type="stmt"/>
      <line num="51" count="9" type="stmt"/>
      <line num="52" count="36" type="cond" truecount="2" falsecount="0"/>
      <line num="53" count="34" type="cond" truecount="1" falsecount="1"/>
      <line num="76" count="22" type="stmt"/>
      <line num="79" count="22" type="stmt"/>
      <line num="82" count="22" type="cond" truecount="2" falsecount="0"/>
      <line num="84" count="22" type="stmt"/>
      <line num="98" count="4" type="stmt"/>
      <line num="100" count="4" type="stmt"/>
      <line num="101" count="16" type="cond" truecount="4" falsecount="0"/>
      <line num="102" count="15" type="stmt"/>
      <line num="106" count="4" type="stmt"/>
      <line num="107" count="16" type="cond" truecount="2" falsecount="0"/>
      <line num="108" count="15" type="stmt"/>
      <line num="111" count="4" type="stmt"/>
      <line num="122" count="12" type="stmt"/>
      <line num="123" count="12" type="cond" truecount="2" falsecount="0"/>
      <line num="125" count="10" type="stmt"/>
      <line num="126" count="10" type="cond" truecount="2" falsecount="0"/>
      <line num="129" count="9" type="cond" truecount="2" falsecount="0"/>
      <line num="136" count="7" type="cond" truecount="2" falsecount="0"/>
      <line num="138" count="1" type="stmt"/>
      <line num="139" count="6" type="cond" truecount="2" falsecount="0"/>
      <line num="141" count="2" type="stmt"/>
      <line num="142" count="4" type="cond" truecount="2" falsecount="0"/>
      <line num="144" count="2" type="stmt"/>
      <line num="147" count="2" type="stmt"/>
      <line num="158" count="6" type="cond" truecount="2" falsecount="0"/>
      <line num="159" count="5" type="stmt"/>
      <line num="160" count="5" type="cond" truecount="2" falsecount="0"/>
      <line num="183" count="18" type="cond" truecount="2" falsecount="0"/>
      <line num="184" count="4" type="stmt"/>
      <line num="187" count="42" type="stmt"/>
      <line num="188" count="14" type="stmt"/>
      <line num="201" count="19" type="cond" truecount="2" falsecount="0"/>
      <line num="202" count="1" type="stmt"/>
      <line num="205" count="18" type="stmt"/>
      <line num="206" count="18" type="stmt"/>
      <line num="208" count="18" type="stmt"/>
      <line num="209" count="67" type="stmt"/>
      <line num="210" count="67" type="cond" truecount="2" falsecount="0"/>
      <line num="211" count="20" type="stmt"/>
      <line num="213" count="47" type="stmt"/>
      <line num="214" count="47" type="cond" truecount="2" falsecount="0"/>
      <line num="215" count="2" type="stmt"/>
      <line num="217" count="45" type="stmt"/>
      <line num="222" count="16" type="cond" truecount="2" falsecount="0"/>
      <line num="223" count="7" type="stmt"/>
      <line num="226" count="9" type="stmt"/>
      <line num="244" count="20" type="stmt"/>
      <line num="245" count="5" type="cond" truecount="2" falsecount="0"/>
      <line num="247" count="16" type="stmt"/>
      <line num="248" count="4" type="stmt"/>
      <line num="251" count="4" type="stmt"/>
    </file>
  </project>
</coverage>
