<?xml version="1.0" encoding="UTF-8"?>
<coverage generated="1772201558963" clover="3.2.0">
  <project timestamp="1772201558963" name="All files">
    <metrics statements="71" coveredstatements="41" conditionals="48" coveredconditionals="25" methods="18" coveredmethods="14" elements="137" coveredelements="80" complexity="0" loc="71" ncloc="71" packages="2" files="2" classes="2"/>
    <package name="services">
      <metrics statements="46" coveredstatements="16" conditionals="32" coveredconditionals="10" methods="8" coveredmethods="4"/>
      <file name="RatingService.ts" path="/Users/kuriyamakoya/projects/mahjong-record_app/services/RatingService.ts">
        <metrics statements="46" coveredstatements="16" conditionals="32" coveredconditionals="10" methods="8" coveredmethods="4"/>
        <line num="21" count="0" type="stmt"/>
        <line num="22" count="0" type="stmt"/>
        <line num="24" count="0" type="cond" truecount="0" falsecount="2"/>
        <line num="25" count="0" type="stmt"/>
        <line num="28" count="0" type="stmt"/>
        <line num="29" count="0" type="stmt"/>
        <line num="32" count="0" type="stmt"/>
        <line num="34" count="0" type="stmt"/>
        <line num="42" count="0" type="stmt"/>
        <line num="48" count="0" type="cond" truecount="0" falsecount="4"/>
        <line num="49" count="0" type="stmt"/>
        <line num="52" count="0" type="cond" truecount="0" falsecount="2"/>
        <line num="53" count="0" type="stmt"/>
        <line num="55" count="0" type="stmt"/>
        <line num="56" count="0" type="stmt"/>
        <line num="58" count="0" type="stmt"/>
        <line num="64" count="0" type="cond" truecount="0" falsecount="4"/>
        <line num="66" count="0" type="stmt"/>
        <line num="68" count="0" type="stmt"/>
        <line num="76" count="0" type="stmt"/>
        <line num="89" count="0" type="cond" truecount="0" falsecount="2"/>
        <line num="91" count="0" type="stmt"/>
        <line num="93" count="0" type="stmt"/>
        <line num="98" count="0" type="cond" truecount="0" falsecount="2"/>
        <line num="99" count="0" type="stmt"/>
        <line num="100" count="0" type="stmt"/>
        <line num="104" count="0" type="stmt"/>
        <line num="114" count="0" type="stmt"/>
        <line num="118" count="0" type="cond" truecount="0" falsecount="2"/>
        <line num="119" count="0" type="stmt"/>
        <line num="131" count="2" type="stmt"/>
        <line num="138" count="2" type="cond" truecount="2" falsecount="0"/>
        <line num="139" count="1" type="stmt"/>
        <line num="140" count="1" type="stmt"/>
        <line num="143" count="1" type="cond" truecount="1" falsecount="1"/>
        <line num="150" count="2" type="stmt"/>
        <line num="156" count="2" type="cond" truecount="2" falsecount="0"/>
        <line num="157" count="1" type="stmt"/>
        <line num="160" count="1" type="cond" truecount="1" falsecount="1"/>
        <line num="171" count="4" type="stmt"/>
        <line num="172" count="4" type="stmt"/>
        <line num="173" count="3" type="stmt"/>
        <line num="174" count="3" type="cond" truecount="2" falsecount="0"/>
        <line num="176" count="2" type="cond" truecount="2" falsecount="0"/>
        <line num="178" count="1" type="stmt"/>
        <line num="180" count="1" type="stmt"/>
      </file>
    </package>
    <package name="utils">
      <metrics statements="25" coveredstatements="25" conditionals="16" coveredconditionals="15" methods="10" coveredmethods="10"/>
      <file name="RatingCalculator.ts" path="/Users/kuriyamakoya/projects/mahjong-record_app/utils/RatingCalculator.ts">
        <metrics statements="25" coveredstatements="25" conditionals="16" coveredconditionals="15" methods="10" coveredmethods="10"/>
        <line num="31" count="2" type="stmt"/>
        <line num="38" count="82" type="cond" truecount="2" falsecount="0"/>
        <line num="42" count="224" type="stmt"/>
        <line num="46" count="221" type="cond" truecount="2" falsecount="0"/>
        <line num="47" count="117" type="cond" truecount="2" falsecount="0"/>
        <line num="48" count="13" type="stmt"/>
        <line num="55" count="22" type="stmt"/>
        <line num="56" count="22" type="cond" truecount="2" falsecount="0"/>
        <line num="57" count="2" type="stmt"/>
        <line num="66" count="20" type="stmt"/>
        <line num="67" count="76" type="stmt"/>
        <line num="68" count="76" type="stmt"/>
        <line num="69" count="76" type="stmt"/>
        <line num="70" count="294" type="cond" truecount="2" falsecount="0"/>
        <line num="71" count="218" type="stmt"/>
        <line num="72" count="218" type="stmt"/>
        <line num="73" count="218" type="stmt"/>
        <line num="75" count="76" type="stmt"/>
        <line num="79" count="76" type="stmt"/>
        <line num="82" count="76" type="stmt"/>
        <line num="83" count="20" type="cond" truecount="2" falsecount="0"/>
        <line num="84" count="3" type="stmt"/>
        <line num="85" count="11" type="cond" truecount="1" falsecount="1"/>
        <line num="88" count="3" type="stmt"/>
        <line num="91" count="76" type="stmt"/>
      </file>
    </package>
  </project>
</coverage>
