{"/Users/kuriyamakoya/projects/mahjong-record_app/utils/ScoreCalculator.ts": {"path":"/Users/kuriyamakoya/projects/mahjong-record_app/utils/ScoreCalculator.ts","statementMap":{"0":{"start":{"line":20,"column":47},"end":{"line":25,"column":1}},"1":{"start":{"line":36,"column":22},"end":{"line":36,"column":70}},"2":{"start":{"line":36,"column":59},"end":{"line":36,"column":69}},"3":{"start":{"line":37,"column":2},"end":{"line":39,"column":3}},"4":{"start":{"line":38,"column":4},"end":{"line":38,"column":37}},"5":{"start":{"line":38,"column":31},"end":{"line":38,"column":35}},"6":{"start":{"line":42,"column":23},"end":{"line":42,"column":77}},"7":{"start":{"line":42,"column":71},"end":{"line":42,"column":76}},"8":{"start":{"line":45,"column":22},"end":{"line":45,"column":54}},"9":{"start":{"line":46,"column":2},"end":{"line":48,"column":5}},"10":{"start":{"line":47,"column":4},"end":{"line":47,"column":55}},"11":{"start":{"line":51,"column":2},"end":{"line":54,"column":5}},"12":{"start":{"line":52,"column":4},"end":{"line":52,"column":36}},"13":{"start":{"line":52,"column":24},"end":{"line":52,"column":36}},"14":{"start":{"line":53,"column":4},"end":{"line":53,"column":42}},"15":{"start":{"line":76,"column":20},"end":{"line":76,"column":59}},"16":{"start":{"line":79,"column":19},"end":{"line":79,"column":39}},"17":{"start":{"line":82,"column":14},"end":{"line":82,"column":89}},"18":{"start":{"line":84,"column":2},"end":{"line":84,"column":36}},"19":{"start":{"line":98,"column":16},"end":{"line":98,"column":41}},"20":{"start":{"line":100,"column":17},"end":{"line":103,"column":4}},"21":{"start":{"line":101,"column":4},"end":{"line":101,"column":64}},"22":{"start":{"line":101,"column":52},"end":{"line":101,"column":64}},"23":{"start":{"line":102,"column":4},"end":{"line":102,"column":64}},"24":{"start":{"line":106,"column":17},"end":{"line":109,"column":4}},"25":{"start":{"line":107,"column":4},"end":{"line":107,"column":40}},"26":{"start":{"line":107,"column":27},"end":{"line":107,"column":40}},"27":{"start":{"line":108,"column":4},"end":{"line":108,"column":24}},"28":{"start":{"line":111,"column":2},"end":{"line":111,"column":35}},"29":{"start":{"line":122,"column":18},"end":{"line":122,"column":30}},"30":{"start":{"line":123,"column":2},"end":{"line":123,"column":28}},"31":{"start":{"line":123,"column":16},"end":{"line":123,"column":28}},"32":{"start":{"line":125,"column":14},"end":{"line":125,"column":35}},"33":{"start":{"line":126,"column":2},"end":{"line":126,"column":30}},"34":{"start":{"line":126,"column":18},"end":{"line":126,"column":30}},"35":{"start":{"line":129,"column":2},"end":{"line":129,"column":31}},"36":{"start":{"line":129,"column":20},"end":{"line":129,"column":31}},"37":{"start":{"line":136,"column":2},"end":{"line":148,"column":3}},"38":{"start":{"line":138,"column":4},"end":{"line":138,"column":15}},"39":{"start":{"line":139,"column":9},"end":{"line":148,"column":3}},"40":{"start":{"line":141,"column":4},"end":{"line":141,"column":21}},"41":{"start":{"line":142,"column":9},"end":{"line":148,"column":3}},"42":{"start":{"line":144,"column":4},"end":{"line":144,"column":22}},"43":{"start":{"line":147,"column":4},"end":{"line":147,"column":23}},"44":{"start":{"line":158,"column":2},"end":{"line":158,"column":32}},"45":{"start":{"line":158,"column":22},"end":{"line":158,"column":32}},"46":{"start":{"line":159,"column":16},"end":{"line":159,"column":32}},"47":{"start":{"line":160,"column":2},"end":{"line":160,"column":41}},"48":{"start":{"line":183,"column":2},"end":{"line":185,"column":3}},"49":{"start":{"line":184,"column":4},"end":{"line":184,"column":16}},"50":{"start":{"line":187,"column":14},"end":{"line":187,"column":64}},"51":{"start":{"line":187,"column":49},"end":{"line":187,"column":60}},"52":{"start":{"line":188,"column":2},"end":{"line":188,"column":27}},"53":{"start":{"line":201,"column":2},"end":{"line":203,"column":3}},"54":{"start":{"line":202,"column":4},"end":{"line":202,"column":16}},"55":{"start":{"line":205,"column":33},"end":{"line":205,"column":35}},"56":{"start":{"line":206,"column":33},"end":{"line":206,"column":35}},"57":{"start":{"line":208,"column":2},"end":{"line":219,"column":3}},"58":{"start":{"line":208,"column":15},"end":{"line":208,"column":16}},"59":{"start":{"line":209,"column":20},"end":{"line":209,"column":39}},"60":{"start":{"line":210,"column":4},"end":{"line":218,"column":5}},"61":{"start":{"line":211,"column":6},"end":{"line":211,"column":27}},"62":{"start":{"line":213,"column":21},"end":{"line":213,"column":42}},"63":{"start":{"line":214,"column":6},"end":{"line":216,"column":7}},"64":{"start":{"line":215,"column":8},"end":{"line":215,"column":20}},"65":{"start":{"line":217,"column":6},"end":{"line":217,"column":32}},"66":{"start":{"line":222,"column":2},"end":{"line":224,"column":3}},"67":{"start":{"line":223,"column":4},"end":{"line":223,"column":16}},"68":{"start":{"line":226,"column":2},"end":{"line":229,"column":4}},"69":{"start":{"line":244,"column":22},"end":{"line":244,"column":70}},"70":{"start":{"line":244,"column":59},"end":{"line":244,"column":69}},"71":{"start":{"line":245,"column":2},"end":{"line":245,"column":45}},"72":{"start":{"line":245,"column":32},"end":{"line":245,"column":45}},"73":{"start":{"line":247,"column":16},"end":{"line":247,"column":58}},"74":{"start":{"line":247,"column":47},"end":{"line":247,"column":54}},"75":{"start":{"line":248,"column":24},"end":{"line":248,"column":49}},"76":{"start":{"line":251,"column":2},"end":{"line":251,"column":33}}},"fnMap":{"0":{"name":"determineRanks","decl":{"start":{"line":34,"column":16},"end":{"line":34,"column":30}},"loc":{"start":{"line":34,"column":87},"end":{"line":55,"column":1}},"line":34},"1":{"name":"(anonymous_1)","decl":{"start":{"line":36,"column":39},"end":{"line":36,"column":40}},"loc":{"start":{"line":36,"column":59},"end":{"line":36,"column":69}},"line":36},"2":{"name":"(anonymous_2)","decl":{"start":{"line":38,"column":25},"end":{"line":38,"column":26}},"loc":{"start":{"line":38,"column":31},"end":{"line":38,"column":35}},"line":38},"3":{"name":"(anonymous_3)","decl":{"start":{"line":42,"column":61},"end":{"line":42,"column":62}},"loc":{"start":{"line":42,"column":71},"end":{"line":42,"column":76}},"line":42},"4":{"name":"(anonymous_4)","decl":{"start":{"line":46,"column":23},"end":{"line":46,"column":24}},"loc":{"start":{"line":46,"column":39},"end":{"line":48,"column":3}},"line":46},"5":{"name":"(anonymous_5)","decl":{"start":{"line":51,"column":23},"end":{"line":51,"column":24}},"loc":{"start":{"line":51,"column":32},"end":{"line":54,"column":3}},"line":51},"6":{"name":"calculateFinalScore","decl":{"start":{"line":70,"column":16},"end":{"line":70,"column":35}},"loc":{"start":{"line":74,"column":10},"end":{"line":85,"column":1}},"line":74},"7":{"name":"calculateAllScores","decl":{"start":{"line":94,"column":16},"end":{"line":94,"column":34}},"loc":{"start":{"line":97,"column":85},"end":{"line":112,"column":1}},"line":97},"8":{"name":"(anonymous_8)","decl":{"start":{"line":100,"column":31},"end":{"line":100,"column":32}},"loc":{"start":{"line":100,"column":52},"end":{"line":103,"column":3}},"line":100},"9":{"name":"(anonymous_9)","decl":{"start":{"line":106,"column":31},"end":{"line":106,"column":32}},"loc":{"start":{"line":106,"column":43},"end":{"line":109,"column":3}},"line":106},"10":{"name":"autoCompleteRawScore","decl":{"start":{"line":121,"column":16},"end":{"line":121,"column":36}},"loc":{"start":{"line":121,"column":67},"end":{"line":149,"column":1}},"line":121},"11":{"name":"formatScore","decl":{"start":{"line":157,"column":16},"end":{"line":157,"column":27}},"loc":{"start":{"line":157,"column":58},"end":{"line":161,"column":1}},"line":157},"12":{"name":"calculateFourthPlayerScore","decl":{"start":{"line":179,"column":16},"end":{"line":179,"column":42}},"loc":{"start":{"line":182,"column":17},"end":{"line":189,"column":1}},"line":182},"13":{"name":"(anonymous_13)","decl":{"start":{"line":187,"column":33},"end":{"line":187,"column":34}},"loc":{"start":{"line":187,"column":49},"end":{"line":187,"column":60}},"line":187},"14":{"name":"detectAutoCompleteTarget","decl":{"start":{"line":198,"column":16},"end":{"line":198,"column":40}},"loc":{"start":{"line":200,"column":29},"end":{"line":230,"column":1}},"line":200},"15":{"name":"validateTotalScore","decl":{"start":{"line":240,"column":16},"end":{"line":240,"column":34}},"loc":{"start":{"line":243,"column":11},"end":{"line":252,"column":1}},"line":243},"16":{"name":"(anonymous_16)","decl":{"start":{"line":244,"column":39},"end":{"line":244,"column":40}},"loc":{"start":{"line":244,"column":59},"end":{"line":244,"column":69}},"line":244},"17":{"name":"(anonymous_17)","decl":{"start":{"line":247,"column":35},"end":{"line":247,"column":36}},"loc":{"start":{"line":247,"column":47},"end":{"line":247,"column":54}},"line":247}},"branchMap":{"0":{"loc":{"start":{"line":37,"column":2},"end":{"line":39,"column":3}},"type":"if","locations":[{"start":{"line":37,"column":2},"end":{"line":39,"column":3}},{"start":{},"end":{}}],"line":37},"1":{"loc":{"start":{"line":52,"column":4},"end":{"line":52,"column":36}},"type":"if","locations":[{"start":{"line":52,"column":4},"end":{"line":52,"column":36}},{"start":{},"end":{}}],"line":52},"2":{"loc":{"start":{"line":53,"column":11},"end":{"line":53,"column":41}},"type":"binary-expr","locations":[{"start":{"line":53,"column":11},"end":{"line":53,"column":33}},{"start":{"line":53,"column":37},"end":{"line":53,"column":41}}],"line":53},"3":{"loc":{"start":{"line":73,"column":2},"end":{"line":73,"column":42}},"type":"default-arg","locations":[{"start":{"line":73,"column":23},"end":{"line":73,"column":42}}],"line":73},"4":{"loc":{"start":{"line":82,"column":14},"end":{"line":82,"column":89}},"type":"cond-expr","locations":[{"start":{"line":82,"column":27},"end":{"line":82,"column":85}},{"start":{"line":82,"column":88},"end":{"line":82,"column":89}}],"line":82},"5":{"loc":{"start":{"line":96,"column":2},"end":{"line":96,"column":42}},"type":"default-arg","locations":[{"start":{"line":96,"column":23},"end":{"line":96,"column":42}}],"line":96},"6":{"loc":{"start":{"line":101,"column":4},"end":{"line":101,"column":64}},"type":"if","locations":[{"start":{"line":101,"column":4},"end":{"line":101,"column":64}},{"start":{},"end":{}}],"line":101},"7":{"loc":{"start":{"line":101,"column":8},"end":{"line":101,"column":50}},"type":"binary-expr","locations":[{"start":{"line":101,"column":8},"end":{"line":101,"column":25}},{"start":{"line":101,"column":29},"end":{"line":101,"column":50}}],"line":101},"8":{"loc":{"start":{"line":107,"column":4},"end":{"line":107,"column":40}},"type":"if","locations":[{"start":{"line":107,"column":4},"end":{"line":107,"column":40}},{"start":{},"end":{}}],"line":107},"9":{"loc":{"start":{"line":123,"column":2},"end":{"line":123,"column":28}},"type":"if","locations":[{"start":{"line":123,"column":2},"end":{"line":123,"column":28}},{"start":{},"end":{}}],"line":123},"10":{"loc":{"start":{"line":126,"column":2},"end":{"line":126,"column":30}},"type":"if","locations":[{"start":{"line":126,"column":2},"end":{"line":126,"column":30}},{"start":{},"end":{}}],"line":126},"11":{"loc":{"start":{"line":129,"column":2},"end":{"line":129,"column":31}},"type":"if","locations":[{"start":{"line":129,"column":2},"end":{"line":129,"column":31}},{"start":{},"end":{}}],"line":129},"12":{"loc":{"start":{"line":136,"column":2},"end":{"line":148,"column":3}},"type":"if","locations":[{"start":{"line":136,"column":2},"end":{"line":148,"column":3}},{"start":{"line":139,"column":9},"end":{"line":148,"column":3}}],"line":136},"13":{"loc":{"start":{"line":139,"column":9},"end":{"line":148,"column":3}},"type":"if","locations":[{"start":{"line":139,"column":9},"end":{"line":148,"column":3}},{"start":{"line":142,"column":9},"end":{"line":148,"column":3}}],"line":139},"14":{"loc":{"start":{"line":142,"column":9},"end":{"line":148,"column":3}},"type":"if","locations":[{"start":{"line":142,"column":9},"end":{"line":148,"column":3}},{"start":{"line":145,"column":9},"end":{"line":148,"column":3}}],"line":142},"15":{"loc":{"start":{"line":158,"column":2},"end":{"line":158,"column":32}},"type":"if","locations":[{"start":{"line":158,"column":2},"end":{"line":158,"column":32}},{"start":{},"end":{}}],"line":158},"16":{"loc":{"start":{"line":160,"column":9},"end":{"line":160,"column":40}},"type":"cond-expr","locations":[{"start":{"line":160,"column":21},"end":{"line":160,"column":32}},{"start":{"line":160,"column":35},"end":{"line":160,"column":40}}],"line":160},"17":{"loc":{"start":{"line":181,"column":2},"end":{"line":181,"column":62}},"type":"default-arg","locations":[{"start":{"line":181,"column":24},"end":{"line":181,"column":62}}],"line":181},"18":{"loc":{"start":{"line":183,"column":2},"end":{"line":185,"column":3}},"type":"if","locations":[{"start":{"line":183,"column":2},"end":{"line":185,"column":3}},{"start":{},"end":{}}],"line":183},"19":{"loc":{"start":{"line":201,"column":2},"end":{"line":203,"column":3}},"type":"if","locations":[{"start":{"line":201,"column":2},"end":{"line":203,"column":3}},{"start":{},"end":{}}],"line":201},"20":{"loc":{"start":{"line":210,"column":4},"end":{"line":218,"column":5}},"type":"if","locations":[{"start":{"line":210,"column":4},"end":{"line":218,"column":5}},{"start":{"line":212,"column":11},"end":{"line":218,"column":5}}],"line":210},"21":{"loc":{"start":{"line":214,"column":6},"end":{"line":216,"column":7}},"type":"if","locations":[{"start":{"line":214,"column":6},"end":{"line":216,"column":7}},{"start":{},"end":{}}],"line":214},"22":{"loc":{"start":{"line":222,"column":2},"end":{"line":224,"column":3}},"type":"if","locations":[{"start":{"line":222,"column":2},"end":{"line":224,"column":3}},{"start":{},"end":{}}],"line":222},"23":{"loc":{"start":{"line":242,"column":2},"end":{"line":242,"column":42}},"type":"default-arg","locations":[{"start":{"line":242,"column":23},"end":{"line":242,"column":42}}],"line":242},"24":{"loc":{"start":{"line":245,"column":2},"end":{"line":245,"column":45}},"type":"if","locations":[{"start":{"line":245,"column":2},"end":{"line":245,"column":45}},{"start":{},"end":{}}],"line":245}},"s":{"0":2,"1":11,"2":40,"3":11,"4":2,"5":4,"6":9,"7":20,"8":9,"9":9,"10":29,"11":9,"12":36,"13":2,"14":34,"15":22,"16":22,"17":22,"18":22,"19":4,"20":4,"21":16,"22":1,"23":15,"24":4,"25":16,"26":1,"27":15,"28":4,"29":12,"30":12,"31":2,"32":10,"33":10,"34":1,"35":9,"36":2,"37":7,"38":1,"39":6,"40":2,"41":4,"42":2,"43":2,"44":6,"45":1,"46":5,"47":5,"48":18,"49":4,"50":14,"51":42,"52":14,"53":19,"54":1,"55":18,"56":18,"57":18,"58":18,"59":67,"60":67,"61":20,"62":47,"63":47,"64":2,"65":45,"66":16,"67":7,"68":9,"69":5,"70":20,"71":5,"72":1,"73":4,"74":16,"75":4,"76":4},"f":{"0":11,"1":40,"2":4,"3":20,"4":29,"5":36,"6":22,"7":4,"8":16,"9":16,"10":12,"11":6,"12":18,"13":42,"14":19,"15":5,"16":20,"17":16},"b":{"0":[2,9],"1":[2,34],"2":[34,0],"3":[5],"4":[8,14],"5":[4],"6":[1,15],"7":[16,15],"8":[1,15],"9":[2,10],"10":[1,9],"11":[2,7],"12":[1,6],"13":[2,4],"14":[2,2],"15":[1,5],"16":[2,3],"17":[3],"18":[4,14],"19":[1,18],"20":[20,47],"21":[2,45],"22":[7,9],"23":[4],"24":[1,4]},"_coverageSchema":"1a1c01bbd47fc00a2c39e90264f33305004495a9","hash":"bbfe3da50c5ffcbb48552106f07394aa997cbc6c"}
}
