{"/Users/kuriyamakoya/projects/mahjong-record_app/services/RatingService.ts": {"path":"/Users/kuriyamakoya/projects/mahjong-record_app/services/RatingService.ts","statementMap":{"0":{"start":{"line":21,"column":4},"end":{"line":35,"column":5}},"1":{"start":{"line":22,"column":28},"end":{"line":22,"column":78}},"2":{"start":{"line":24,"column":6},"end":{"line":26,"column":7}},"3":{"start":{"line":25,"column":8},"end":{"line":25,"column":14}},"4":{"start":{"line":28,"column":22},"end":{"line":28,"column":59}},"5":{"start":{"line":29,"column":6},"end":{"line":29,"column":65}},"6":{"start":{"line":32,"column":6},"end":{"line":32,"column":54}},"7":{"start":{"line":34,"column":6},"end":{"line":34,"column":77}},"8":{"start":{"line":42,"column":43},"end":{"line":46,"column":43}},"9":{"start":{"line":48,"column":4},"end":{"line":50,"column":5}},"10":{"start":{"line":49,"column":6},"end":{"line":49,"column":15}},"11":{"start":{"line":52,"column":24},"end":{"line":52,"column":69}},"12":{"start":{"line":53,"column":36},"end":{"line":53,"column":38}},"13":{"start":{"line":55,"column":4},"end":{"line":74,"column":5}},"14":{"start":{"line":56,"column":24},"end":{"line":56,"column":51}},"15":{"start":{"line":58,"column":53},"end":{"line":62,"column":17}},"16":{"start":{"line":64,"column":6},"end":{"line":64,"column":44}},"17":{"start":{"line":64,"column":36},"end":{"line":64,"column":44}},"18":{"start":{"line":66,"column":24},"end":{"line":66,"column":80}},"19":{"start":{"line":68,"column":6},"end":{"line":73,"column":8}},"20":{"start":{"line":76,"column":4},"end":{"line":76,"column":18}},"21":{"start":{"line":89,"column":24},"end":{"line":89,"column":69}},"22":{"start":{"line":91,"column":4},"end":{"line":121,"column":5}},"23":{"start":{"line":93,"column":37},"end":{"line":96,"column":35}},"24":{"start":{"line":98,"column":6},"end":{"line":101,"column":7}},"25":{"start":{"line":99,"column":8},"end":{"line":99,"column":67}},"26":{"start":{"line":100,"column":8},"end":{"line":100,"column":16}},"27":{"start":{"line":104,"column":49},"end":{"line":112,"column":7}},"28":{"start":{"line":114,"column":38},"end":{"line":116,"column":30}},"29":{"start":{"line":118,"column":6},"end":{"line":120,"column":7}},"30":{"start":{"line":119,"column":8},"end":{"line":119,"column":74}},"31":{"start":{"line":131,"column":28},"end":{"line":136,"column":47}},"32":{"start":{"line":138,"column":4},"end":{"line":141,"column":5}},"33":{"start":{"line":139,"column":6},"end":{"line":139,"column":53}},"34":{"start":{"line":140,"column":6},"end":{"line":140,"column":15}},"35":{"start":{"line":143,"column":4},"end":{"line":143,"column":21}},"36":{"start":{"line":150,"column":29},"end":{"line":154,"column":38}},"37":{"start":{"line":156,"column":4},"end":{"line":158,"column":5}},"38":{"start":{"line":157,"column":6},"end":{"line":157,"column":14}},"39":{"start":{"line":160,"column":4},"end":{"line":160,"column":21}},"40":{"start":{"line":171,"column":4},"end":{"line":181,"column":5}},"41":{"start":{"line":172,"column":22},"end":{"line":172,"column":54}},"42":{"start":{"line":173,"column":22},"end":{"line":173,"column":66}},"43":{"start":{"line":173,"column":40},"end":{"line":173,"column":65}},"44":{"start":{"line":174,"column":6},"end":{"line":177,"column":7}},"45":{"start":{"line":176,"column":8},"end":{"line":176,"column":83}},"46":{"start":{"line":178,"column":6},"end":{"line":178,"column":17}},"47":{"start":{"line":180,"column":6},"end":{"line":180,"column":17}}},"fnMap":{"0":{"name":"(anonymous_0)","decl":{"start":{"line":20,"column":2},"end":{"line":20,"column":3}},"loc":{"start":{"line":20,"column":87},"end":{"line":36,"column":3}},"line":20},"1":{"name":"(anonymous_1)","decl":{"start":{"line":32,"column":45},"end":{"line":32,"column":46}},"loc":{"start":{"line":32,"column":51},"end":{"line":32,"column":53}},"line":32},"2":{"name":"(anonymous_2)","decl":{"start":{"line":41,"column":2},"end":{"line":41,"column":3}},"loc":{"start":{"line":41,"column":95},"end":{"line":77,"column":3}},"line":41},"3":{"name":"(anonymous_3)","decl":{"start":{"line":84,"column":2},"end":{"line":84,"column":3}},"loc":{"start":{"line":88,"column":19},"end":{"line":122,"column":3}},"line":88},"4":{"name":"(anonymous_4)","decl":{"start":{"line":127,"column":2},"end":{"line":127,"column":3}},"loc":{"start":{"line":130,"column":33},"end":{"line":144,"column":3}},"line":130},"5":{"name":"(anonymous_5)","decl":{"start":{"line":149,"column":2},"end":{"line":149,"column":3}},"loc":{"start":{"line":149,"column":93},"end":{"line":161,"column":3}},"line":149},"6":{"name":"(anonymous_6)","decl":{"start":{"line":167,"column":2},"end":{"line":167,"column":3}},"loc":{"start":{"line":170,"column":28},"end":{"line":182,"column":3}},"line":170},"7":{"name":"(anonymous_7)","decl":{"start":{"line":173,"column":35},"end":{"line":173,"column":36}},"loc":{"start":{"line":173,"column":40},"end":{"line":173,"column":65}},"line":173}},"branchMap":{"0":{"loc":{"start":{"line":24,"column":6},"end":{"line":26,"column":7}},"type":"if","locations":[{"start":{"line":24,"column":6},"end":{"line":26,"column":7}},{"start":{},"end":{}}],"line":24},"1":{"loc":{"start":{"line":48,"column":4},"end":{"line":50,"column":5}},"type":"if","locations":[{"start":{"line":48,"column":4},"end":{"line":50,"column":5}},{"start":{},"end":{}}],"line":48},"2":{"loc":{"start":{"line":48,"column":8},"end":{"line":48,"column":31}},"type":"binary-expr","locations":[{"start":{"line":48,"column":8},"end":{"line":48,"column":13}},{"start":{"line":48,"column":17},"end":{"line":48,"column":31}}],"line":48},"3":{"loc":{"start":{"line":52,"column":24},"end":{"line":52,"column":69}},"type":"cond-expr","locations":[{"start":{"line":52,"column":44},"end":{"line":52,"column":55}},{"start":{"line":52,"column":58},"end":{"line":52,"column":69}}],"line":52},"4":{"loc":{"start":{"line":64,"column":6},"end":{"line":64,"column":44}},"type":"if","locations":[{"start":{"line":64,"column":6},"end":{"line":64,"column":44}},{"start":{},"end":{}}],"line":64},"5":{"loc":{"start":{"line":64,"column":10},"end":{"line":64,"column":34}},"type":"binary-expr","locations":[{"start":{"line":64,"column":10},"end":{"line":64,"column":22}},{"start":{"line":64,"column":26},"end":{"line":64,"column":34}}],"line":64},"6":{"loc":{"start":{"line":70,"column":16},"end":{"line":70,"column":53}},"type":"binary-expr","locations":[{"start":{"line":70,"column":16},"end":{"line":70,"column":45}},{"start":{"line":70,"column":49},"end":{"line":70,"column":53}}],"line":70},"7":{"loc":{"start":{"line":89,"column":24},"end":{"line":89,"column":69}},"type":"cond-expr","locations":[{"start":{"line":89,"column":44},"end":{"line":89,"column":55}},{"start":{"line":89,"column":58},"end":{"line":89,"column":69}}],"line":89},"8":{"loc":{"start":{"line":98,"column":6},"end":{"line":101,"column":7}},"type":"if","locations":[{"start":{"line":98,"column":6},"end":{"line":101,"column":7}},{"start":{},"end":{}}],"line":98},"9":{"loc":{"start":{"line":118,"column":6},"end":{"line":120,"column":7}},"type":"if","locations":[{"start":{"line":118,"column":6},"end":{"line":120,"column":7}},{"start":{},"end":{}}],"line":118},"10":{"loc":{"start":{"line":138,"column":4},"end":{"line":141,"column":5}},"type":"if","locations":[{"start":{"line":138,"column":4},"end":{"line":141,"column":5}},{"start":{},"end":{}}],"line":138},"11":{"loc":{"start":{"line":143,"column":11},"end":{"line":143,"column":21}},"type":"binary-expr","locations":[{"start":{"line":143,"column":11},"end":{"line":143,"column":15}},{"start":{"line":143,"column":19},"end":{"line":143,"column":21}}],"line":143},"12":{"loc":{"start":{"line":156,"column":4},"end":{"line":158,"column":5}},"type":"if","locations":[{"start":{"line":156,"column":4},"end":{"line":158,"column":5}},{"start":{},"end":{}}],"line":156},"13":{"loc":{"start":{"line":160,"column":11},"end":{"line":160,"column":21}},"type":"binary-expr","locations":[{"start":{"line":160,"column":11},"end":{"line":160,"column":16}},{"start":{"line":160,"column":20},"end":{"line":160,"column":21}}],"line":160},"14":{"loc":{"start":{"line":174,"column":6},"end":{"line":177,"column":7}},"type":"if","locations":[{"start":{"line":174,"column":6},"end":{"line":177,"column":7}},{"start":{},"end":{}}],"line":174},"15":{"loc":{"start":{"line":176,"column":15},"end":{"line":176,"column":83}},"type":"cond-expr","locations":[{"start":{"line":176,"column":50},"end":{"line":176,"column":66}},{"start":{"line":176,"column":69},"end":{"line":176,"column":83}}],"line":176}},"s":{"0":0,"1":0,"2":0,"3":0,"4":0,"5":0,"6":0,"7":0,"8":0,"9":0,"10":0,"11":0,"12":0,"13":0,"14":0,"15":0,"16":0,"17":0,"18":0,"19":0,"20":0,"21":0,"22":0,"23":0,"24":0,"25":0,"26":0,"27":0,"28":0,"29":0,"30":0,"31":2,"32":2,"33":1,"34":1,"35":1,"36":2,"37":2,"38":1,"39":1,"40":4,"41":4,"42":3,"43":3,"44":3,"45":2,"46":1,"47":1},"f":{"0":0,"1":0,"2":0,"3":0,"4":2,"5":2,"6":4,"7":3},"b":{"0":[0,0],"1":[0,0],"2":[0,0],"3":[0,0],"4":[0,0],"5":[0,0],"6":[0,0],"7":[0,0],"8":[0,0],"9":[0,0],"10":[1,1],"11":[1,0],"12":[1,1],"13":[1,0],"14":[2,1],"15":[1,1]},"_coverageSchema":"1a1c01bbd47fc00a2c39e90264f33305004495a9","hash":"bfd43692950071875871692780697c22b4d04ac4"}
,"/Users/kuriyamakoya/projects/mahjong-record_app/utils/RatingCalculator.ts": {"path":"/Users/kuriyamakoya/projects/mahjong-record_app/utils/RatingCalculator.ts","statementMap":{"0":{"start":{"line":31,"column":51},"end":{"line":35,"column":1}},"1":{"start":{"line":38,"column":2},"end":{"line":38,"column":89}},"2":{"start":{"line":42,"column":2},"end":{"line":42,"column":58}},"3":{"start":{"line":46,"column":2},"end":{"line":46,"column":31}},"4":{"start":{"line":46,"column":21},"end":{"line":46,"column":31}},"5":{"start":{"line":47,"column":2},"end":{"line":47,"column":31}},"6":{"start":{"line":47,"column":21},"end":{"line":47,"column":31}},"7":{"start":{"line":48,"column":2},"end":{"line":48,"column":12}},"8":{"start":{"line":55,"column":12},"end":{"line":55,"column":26}},"9":{"start":{"line":56,"column":2},"end":{"line":64,"column":3}},"10":{"start":{"line":57,"column":4},"end":{"line":63,"column":7}},"11":{"start":{"line":57,"column":29},"end":{"line":63,"column":5}},"12":{"start":{"line":66,"column":20},"end":{"line":76,"column":4}},"13":{"start":{"line":67,"column":14},"end":{"line":67,"column":50}},"14":{"start":{"line":68,"column":16},"end":{"line":68,"column":17}},"15":{"start":{"line":69,"column":4},"end":{"line":74,"column":5}},"16":{"start":{"line":69,"column":17},"end":{"line":69,"column":18}},"17":{"start":{"line":70,"column":6},"end":{"line":70,"column":27}},"18":{"start":{"line":70,"column":19},"end":{"line":70,"column":27}},"19":{"start":{"line":71,"column":23},"end":{"line":71,"column":79}},"20":{"start":{"line":72,"column":21},"end":{"line":72,"column":74}},"21":{"start":{"line":73,"column":6},"end":{"line":73,"column":50}},"22":{"start":{"line":75,"column":4},"end":{"line":75,"column":16}},"23":{"start":{"line":79,"column":24},"end":{"line":79,"column":57}},"24":{"start":{"line":79,"column":43},"end":{"line":79,"column":56}},"25":{"start":{"line":82,"column":23},"end":{"line":82,"column":67}},"26":{"start":{"line":82,"column":56},"end":{"line":82,"column":63}},"27":{"start":{"line":83,"column":2},"end":{"line":89,"column":3}},"28":{"start":{"line":84,"column":28},"end":{"line":87,"column":5}},"29":{"start":{"line":85,"column":27},"end":{"line":85,"column":71}},"30":{"start":{"line":88,"column":4},"end":{"line":88,"column":50}},"31":{"start":{"line":91,"column":2},"end":{"line":97,"column":5}},"32":{"start":{"line":91,"column":37},"end":{"line":97,"column":3}}},"fnMap":{"0":{"name":"getKFactor","decl":{"start":{"line":37,"column":16},"end":{"line":37,"column":26}},"loc":{"start":{"line":37,"column":100},"end":{"line":39,"column":1}},"line":37},"1":{"name":"calculateExpectedScore","decl":{"start":{"line":41,"column":16},"end":{"line":41,"column":38}},"loc":{"start":{"line":41,"column":81},"end":{"line":43,"column":1}},"line":41},"2":{"name":"calculatePairwiseResult","decl":{"start":{"line":45,"column":16},"end":{"line":45,"column":39}},"loc":{"start":{"line":45,"column":78},"end":{"line":49,"column":1}},"line":45},"3":{"name":"calculateRatingChanges","decl":{"start":{"line":51,"column":16},"end":{"line":51,"column":38}},"loc":{"start":{"line":54,"column":27},"end":{"line":98,"column":1}},"line":54},"4":{"name":"(anonymous_4)","decl":{"start":{"line":57,"column":23},"end":{"line":57,"column":24}},"loc":{"start":{"line":57,"column":29},"end":{"line":63,"column":5}},"line":57},"5":{"name":"(anonymous_5)","decl":{"start":{"line":66,"column":32},"end":{"line":66,"column":33}},"loc":{"start":{"line":66,"column":47},"end":{"line":76,"column":3}},"line":66},"6":{"name":"(anonymous_6)","decl":{"start":{"line":79,"column":38},"end":{"line":79,"column":39}},"loc":{"start":{"line":79,"column":43},"end":{"line":79,"column":56}},"line":79},"7":{"name":"(anonymous_7)","decl":{"start":{"line":82,"column":44},"end":{"line":82,"column":45}},"loc":{"start":{"line":82,"column":56},"end":{"line":82,"column":63}},"line":82},"8":{"name":"(anonymous_8)","decl":{"start":{"line":85,"column":6},"end":{"line":85,"column":7}},"loc":{"start":{"line":85,"column":27},"end":{"line":85,"column":71}},"line":85},"9":{"name":"(anonymous_9)","decl":{"start":{"line":91,"column":21},"end":{"line":91,"column":22}},"loc":{"start":{"line":91,"column":37},"end":{"line":97,"column":3}},"line":91}},"branchMap":{"0":{"loc":{"start":{"line":37,"column":46},"end":{"line":37,"column":90}},"type":"default-arg","locations":[{"start":{"line":37,"column":69},"end":{"line":37,"column":90}}],"line":37},"1":{"loc":{"start":{"line":38,"column":9},"end":{"line":38,"column":89}},"type":"cond-expr","locations":[{"start":{"line":38,"column":49},"end":{"line":38,"column":66}},{"start":{"line":38,"column":69},"end":{"line":38,"column":89}}],"line":38},"2":{"loc":{"start":{"line":46,"column":2},"end":{"line":46,"column":31}},"type":"if","locations":[{"start":{"line":46,"column":2},"end":{"line":46,"column":31}},{"start":{},"end":{}}],"line":46},"3":{"loc":{"start":{"line":47,"column":2},"end":{"line":47,"column":31}},"type":"if","locations":[{"start":{"line":47,"column":2},"end":{"line":47,"column":31}},{"start":{},"end":{}}],"line":47},"4":{"loc":{"start":{"line":53,"column":2},"end":{"line":53,"column":46}},"type":"default-arg","locations":[{"start":{"line":53,"column":25},"end":{"line":53,"column":46}}],"line":53},"5":{"loc":{"start":{"line":56,"column":2},"end":{"line":64,"column":3}},"type":"if","locations":[{"start":{"line":56,"column":2},"end":{"line":64,"column":3}},{"start":{},"end":{}}],"line":56},"6":{"loc":{"start":{"line":70,"column":6},"end":{"line":70,"column":27}},"type":"if","locations":[{"start":{"line":70,"column":6},"end":{"line":70,"column":27}},{"start":{},"end":{}}],"line":70},"7":{"loc":{"start":{"line":83,"column":2},"end":{"line":89,"column":3}},"type":"if","locations":[{"start":{"line":83,"column":2},"end":{"line":89,"column":3}},{"start":{},"end":{}}],"line":83},"8":{"loc":{"start":{"line":85,"column":27},"end":{"line":85,"column":71}},"type":"cond-expr","locations":[{"start":{"line":85,"column":59},"end":{"line":85,"column":62}},{"start":{"line":85,"column":65},"end":{"line":85,"column":71}}],"line":85}},"s":{"0":2,"1":82,"2":224,"3":221,"4":104,"5":117,"6":104,"7":13,"8":22,"9":22,"10":2,"11":1,"12":20,"13":76,"14":76,"15":76,"16":76,"17":294,"18":76,"19":218,"20":218,"21":218,"22":76,"23":20,"24":76,"25":20,"26":76,"27":20,"28":3,"29":11,"30":3,"31":20,"32":76},"f":{"0":82,"1":224,"2":221,"3":22,"4":1,"5":76,"6":76,"7":76,"8":11,"9":76},"b":{"0":[4],"1":[8,74],"2":[104,117],"3":[104,13],"4":[22],"5":[2,20],"6":[76,218],"7":[3,17],"8":[0,11]},"_coverageSchema":"1a1c01bbd47fc00a2c39e90264f33305004495a9","hash":"0de02e99ed486d4c976ff8f616eaf2eb9495e9c8"}
}
