TN:
SF:utils/ScoreCalculator.ts
FN:34,determineRanks
FN:36,(anonymous_1)
FN:38,(anonymous_2)
FN:42,(anonymous_3)
FN:46,(anonymous_4)
FN:51,(anonymous_5)
FN:70,calculateFinalScore
FN:94,calculateAllScores
FN:100,(anonymous_8)
FN:106,(anonymous_9)
FN:121,autoCompleteRawScore
FN:157,formatScore
FN:179,calculateFourthPlayerScore
FN:187,(anonymous_13)
FN:198,detectAutoCompleteTarget
FN:240,validateTotalScore
FN:244,(anonymous_16)
FN:247,(anonymous_17)
FNF:18
FNH:18
FNDA:11,determineRanks
FNDA:40,(anonymous_1)
FNDA:4,(anonymous_2)
FNDA:20,(anonymous_3)
FNDA:29,(anonymous_4)
FNDA:36,(anonymous_5)
FNDA:22,calculateFinalScore
FNDA:4,calculateAllScores
FNDA:16,(anonymous_8)
FNDA:16,(anonymous_9)
FNDA:12,autoCompleteRawScore
FNDA:6,formatScore
FNDA:18,calculateFourthPlayerScore
FNDA:42,(anonymous_13)
FNDA:19,detectAutoCompleteTarget
FNDA:5,validateTotalScore
FNDA:20,(anonymous_16)
FNDA:16,(anonymous_17)
DA:20,2
DA:36,40
DA:37,11
DA:38,4
DA:42,20
DA:45,9
DA:46,9
DA:47,29
DA:51,9
DA:52,36
DA:53,34
DA:76,22
DA:79,22
DA:82,22
DA:84,22
DA:98,4
DA:100,4
DA:101,16
DA:102,15
DA:106,4
DA:107,16
DA:108,15
DA:111,4
DA:122,12
DA:123,12
DA:125,10
DA:126,10
DA:129,9
DA:136,7
DA:138,1
DA:139,6
DA:141,2
DA:142,4
DA:144,2
DA:147,2
DA:158,6
DA:159,5
DA:160,5
DA:183,18
DA:184,4
DA:187,42
DA:188,14
DA:201,19
DA:202,1
DA:205,18
DA:206,18
DA:208,18
DA:209,67
DA:210,67
DA:211,20
DA:213,47
DA:214,47
DA:215,2
DA:217,45
DA:222,16
DA:223,7
DA:226,9
DA:244,20
DA:245,5
DA:247,16
DA:248,4
DA:251,4
LF:62
LH:62
BRDA:37,0,0,2
BRDA:37,0,1,9
BRDA:52,1,0,2
BRDA:52,1,1,34
BRDA:53,2,0,34
BRDA:53,2,1,0
BRDA:73,3,0,5
BRDA:82,4,0,8
BRDA:82,4,1,14
BRDA:96,5,0,4
BRDA:101,6,0,1
BRDA:101,6,1,15
BRDA:101,7,0,16
BRDA:101,7,1,15
BRDA:107,8,0,1
BRDA:107,8,1,15
BRDA:123,9,0,2
BRDA:123,9,1,10
BRDA:126,10,0,1
BRDA:126,10,1,9
BRDA:129,11,0,2
BRDA:129,11,1,7
BRDA:136,12,0,1
BRDA:136,12,1,6
BRDA:139,13,0,2
BRDA:139,13,1,4
BRDA:142,14,0,2
BRDA:142,14,1,2
BRDA:158,15,0,1
BRDA:158,15,1,5
BRDA:160,16,0,2
BRDA:160,16,1,3
BRDA:181,17,0,3
BRDA:183,18,0,4
BRDA:183,18,1,14
BRDA:201,19,0,1
BRDA:201,19,1,18
BRDA:210,20,0,20
BRDA:210,20,1,47
BRDA:214,21,0,2
BRDA:214,21,1,45
BRDA:222,22,0,7
BRDA:222,22,1,9
BRDA:242,23,0,4
BRDA:245,24,0,1
BRDA:245,24,1,4
BRF:46
BRH:45
end_of_record
