TN:
SF:services/RatingService.ts
FN:20,(anonymous_0)
FN:32,(anonymous_1)
FN:41,(anonymous_2)
FN:84,(anonymous_3)
FN:127,(anonymous_4)
FN:149,(anonymous_5)
FN:167,(anonymous_6)
FN:173,(anonymous_7)
FNF:8
FNH:4
FNDA:0,(anonymous_0)
FNDA:0,(anonymous_1)
FNDA:0,(anonymous_2)
FNDA:0,(anonymous_3)
FNDA:2,(anonymous_4)
FNDA:2,(anonymous_5)
FNDA:4,(anonymous_6)
FNDA:3,(anonymous_7)
DA:21,0
DA:22,0
DA:24,0
DA:25,0
DA:28,0
DA:29,0
DA:32,0
DA:34,0
DA:42,0
DA:48,0
DA:49,0
DA:52,0
DA:53,0
DA:55,0
DA:56,0
DA:58,0
DA:64,0
DA:66,0
DA:68,0
DA:76,0
DA:89,0
DA:91,0
DA:93,0
DA:98,0
DA:99,0
DA:100,0
DA:104,0
DA:114,0
DA:118,0
DA:119,0
DA:131,2
DA:138,2
DA:139,1
DA:140,1
DA:143,1
DA:150,2
DA:156,2
DA:157,1
DA:160,1
DA:171,4
DA:172,4
DA:173,3
DA:174,3
DA:176,2
DA:178,1
DA:180,1
LF:46
LH:16
BRDA:24,0,0,0
BRDA:24,0,1,0
BRDA:48,1,0,0
BRDA:48,1,1,0
BRDA:48,2,0,0
BRDA:48,2,1,0
BRDA:52,3,0,0
BRDA:52,3,1,0
BRDA:64,4,0,0
BRDA:64,4,1,0
BRDA:64,5,0,0
BRDA:64,5,1,0
BRDA:70,6,0,0
BRDA:70,6,1,0
BRDA:89,7,0,0
BRDA:89,7,1,0
BRDA:98,8,0,0
BRDA:98,8,1,0
BRDA:118,9,0,0
BRDA:118,9,1,0
BRDA:138,10,0,1
BRDA:138,10,1,1
BRDA:143,11,0,1
BRDA:143,11,1,0
BRDA:156,12,0,1
BRDA:156,12,1,1
BRDA:160,13,0,1
BRDA:160,13,1,0
BRDA:174,14,0,2
BRDA:174,14,1,1
BRDA:176,15,0,1
BRDA:176,15,1,1
BRF:32
BRH:10
end_of_record
TN:
SF:utils/RatingCalculator.ts
FN:37,getKFactor
FN:41,calculateExpectedScore
FN:45,calculatePairwiseResult
FN:51,calculateRatingChanges
FN:57,(anonymous_4)
FN:66,(anonymous_5)
FN:79,(anonymous_6)
FN:82,(anonymous_7)
FN:85,(anonymous_8)
FN:91,(anonymous_9)
FNF:10
FNH:10
FNDA:82,getKFactor
FNDA:224,calculateExpectedScore
FNDA:221,calculatePairwiseResult
FNDA:22,calculateRatingChanges
FNDA:1,(anonymous_4)
FNDA:76,(anonymous_5)
FNDA:76,(anonymous_6)
FNDA:76,(anonymous_7)
FNDA:11,(anonymous_8)
FNDA:76,(anonymous_9)
DA:31,2
DA:38,82
DA:42,224
DA:46,221
DA:47,117
DA:48,13
DA:55,22
DA:56,22
DA:57,2
DA:66,20
DA:67,76
DA:68,76
DA:69,76
DA:70,294
DA:71,218
DA:72,218
DA:73,218
DA:75,76
DA:79,76
DA:82,76
DA:83,20
DA:84,3
DA:85,11
DA:88,3
DA:91,76
LF:25
LH:25
BRDA:37,0,0,4
BRDA:38,1,0,8
BRDA:38,1,1,74
BRDA:46,2,0,104
BRDA:46,2,1,117
BRDA:47,3,0,104
BRDA:47,3,1,13
BRDA:53,4,0,22
BRDA:56,5,0,2
BRDA:56,5,1,20
BRDA:70,6,0,76
BRDA:70,6,1,218
BRDA:83,7,0,3
BRDA:83,7,1,17
BRDA:85,8,0,0
BRDA:85,8,1,11
BRF:16
BRH:15
end_of_record
